<?xml version="1.0" encoding="UTF-8"?>
<!-- Generated by org.testng.reporters.JUnitReportReporter -->
<testsuite skipped="0" hostname="LAPTOP-MKUR69J5" name="package002.TestClass001" tests="3" failures="0" timestamp="07 Feb 2020 14:39:24 GMT" time="0.020" errors="0">
  <testcase name="Method2" time="0.002" classname="package002.TestClass001"/>
  <testcase name="Method3" time="0.001" classname="package002.TestClass001"/>
  <testcase name="Method1" time="0.017" classname="package002.TestClass001"/>
</testsuite> <!-- package002.TestClass001 -->
