<?xml version="1.0" encoding="UTF-8"?>
<!-- Generated by org.testng.reporters.JUnitReportReporter -->
<testsuite skipped="0" hostname="LAPTOP-MKUR69J5" name="package002.TestClass001" tests="3" failures="0" timestamp="07 Feb 2020 14:41:47 GMT" time="0.010" errors="0">
  <testcase name="Method1" time="0.010" classname="package002.TestClass001"/>
  <testcase name="Method3" time="0.000" classname="package002.TestClass001"/>
  <testcase name="Method2" time="0.000" classname="package002.TestClass001"/>
</testsuite> <!-- package002.TestClass001 -->
