<?xml version="1.0" encoding="UTF-8"?>
<!-- Generated by org.testng.reporters.JUnitReportReporter -->
<testsuite skipped="0" hostname="LAPTOP-MKUR69J5" name="package002.TestClass001" tests="4" failures="0" timestamp="09 Feb 2020 08:27:11 GMT" time="0.016" errors="0">
  <testcase name="Method4" time="0.000" classname="package002.TestClass001"/>
  <testcase name="Method1" time="0.016" classname="package002.TestClass001"/>
  <testcase name="Method3" time="0.000" classname="package002.TestClass001"/>
  <testcase name="Method2" time="0.000" classname="package002.TestClass001"/>
</testsuite> <!-- package002.TestClass001 -->
